1685572712946	geckodriver	INFO	Listening on 127.0.0.1:45813
1685572713449	mozrunner::runner	INFO	Running command: MOZ_CRASHREPORTER="1" MOZ_CRASHREPORTER_NO_REPORT="1" MOZ_CRASHREPORTER_SHUTDOWN="1" MOZ_NO_REMOTE="1" "/usr ... te" "--remote-debugging-port" "50945" "--remote-allow-hosts" "localhost" "-no-remote" "-profile" "/tmp/rust_mozprofilenR7fYo"
console.warn: services.settings: Ignoring preference override of remote settings server
console.warn: services.settings: Allow by setting MOZ_REMOTE_SETTINGS_DEVTOOLS=1 in the environment
1685572713920	Marionette	INFO	Marionette enabled
1685572713924	Marionette	INFO	Listening on port 44325
Read port: 44325
WebDriver BiDi listening on ws://127.0.0.1:50945
1685572714093	RemoteAgent	WARN	TLS certificate errors will be ignored for this session
console.error: ({})
[ERROR glean_core] Error setting metrics feature config: Json(Error("EOF while parsing a value", line: 1, column: 0))
DevTools listening on ws://127.0.0.1:50945/devtools/browser/fbbd3889-b05e-413f-aa51-ce30eb5d8e3b
JavaScript warning: https://pagead2.googlesyndication.com/bg/PgBC2f7uHk75qvgedgDQJ2LGmE-oWuLtehAbI8jUKVY.js line 2 > eval line 6355 > eval line 1 > eval line 1 > eval, line 1: WEBGL_debug_renderer_info is deprecated in Firefox and will be removed. Please use RENDERER.
1685572723841	geckodriver	INFO	Listening on 127.0.0.1:39531
1685572724344	mozrunner::runner	INFO	Running command: MOZ_CRASHREPORTER="1" MOZ_CRASHREPORTER_NO_REPORT="1" MOZ_CRASHREPORTER_SHUTDOWN="1" MOZ_NO_REMOTE="1" "/usr ... ss" "--remote-debugging-port" "60621" "--remote-allow-hosts" "localhost" "-no-remote" "-profile" "/tmp/rust_mozprofile5PD6H0"
*** You are running in headless mode.
console.warn: services.settings: Ignoring preference override of remote settings server
console.warn: services.settings: Allow by setting MOZ_REMOTE_SETTINGS_DEVTOOLS=1 in the environment
1685572724596	Marionette	INFO	Marionette enabled
1685572724600	Marionette	INFO	Listening on port 37301
Read port: 37301
WebDriver BiDi listening on ws://127.0.0.1:60621
1685572724698	RemoteAgent	WARN	TLS certificate errors will be ignored for this session
[GFX1-]: RenderCompositorSWGL failed mapping default framebuffer, no dt
console.error: ({})
[ERROR glean_core] Error setting metrics feature config: Json(Error("EOF while parsing a value", line: 1, column: 0))
DevTools listening on ws://127.0.0.1:60621/devtools/browser/550d0963-f832-44da-8f6d-88e12fc8b2df
libEGL warning: egl: failed to create dri2 screen
JavaScript warning: https://pagead2.googlesyndication.com/bg/PgBC2f7uHk75qvgedgDQJ2LGmE-oWuLtehAbI8jUKVY.js line 2 > eval line 5872 > eval line 1 > eval line 1 > eval, line 1: WEBGL_debug_renderer_info is deprecated in Firefox and will be removed. Please use RENDERER.
1685572733620	geckodriver	INFO	Listening on 127.0.0.1:34725
1685572734122	mozrunner::runner	INFO	Running command: MOZ_CRASHREPORTER="1" MOZ_CRASHREPORTER_NO_REPORT="1" MOZ_CRASHREPORTER_SHUTDOWN="1" MOZ_NO_REMOTE="1" "/usr ... ss" "--remote-debugging-port" "58141" "--remote-allow-hosts" "localhost" "-no-remote" "-profile" "/tmp/rust_mozprofile2jA9RJ"
*** You are running in headless mode.
console.warn: services.settings: Ignoring preference override of remote settings server
console.warn: services.settings: Allow by setting MOZ_REMOTE_SETTINGS_DEVTOOLS=1 in the environment
1685572734364	Marionette	INFO	Marionette enabled
1685572734367	Marionette	INFO	Listening on port 34427
Read port: 34427
WebDriver BiDi listening on ws://127.0.0.1:58141
1685572734467	RemoteAgent	WARN	TLS certificate errors will be ignored for this session
[GFX1-]: RenderCompositorSWGL failed mapping default framebuffer, no dt
console.error: ({})
[ERROR glean_core] Error setting metrics feature config: Json(Error("EOF while parsing a value", line: 1, column: 0))
DevTools listening on ws://127.0.0.1:58141/devtools/browser/061b8f3b-eea4-496c-8c0b-8890705064eb
libEGL warning: egl: failed to create dri2 screen
JavaScript warning: https://pagead2.googlesyndication.com/bg/PgBC2f7uHk75qvgedgDQJ2LGmE-oWuLtehAbI8jUKVY.js line 2 > eval line 5946 > eval line 1 > eval line 1 > eval, line 1: WEBGL_debug_renderer_info is deprecated in Firefox and will be removed. Please use RENDERER.
1685572747664	geckodriver	INFO	Listening on 127.0.0.1:32949
1685572748166	mozrunner::runner	INFO	Running command: MOZ_CRASHREPORTER="1" MOZ_CRASHREPORTER_NO_REPORT="1" MOZ_CRASHREPORTER_SHUTDOWN="1" MOZ_NO_REMOTE="1" "/usr ... te" "--remote-debugging-port" "35043" "--remote-allow-hosts" "localhost" "-no-remote" "-profile" "/tmp/rust_mozprofileV9w9aD"
console.warn: services.settings: Ignoring preference override of remote settings server
console.warn: services.settings: Allow by setting MOZ_REMOTE_SETTINGS_DEVTOOLS=1 in the environment
1685572748618	Marionette	INFO	Marionette enabled
1685572748621	Marionette	INFO	Listening on port 38459
Read port: 38459
WebDriver BiDi listening on ws://127.0.0.1:35043
1685572748753	RemoteAgent	WARN	TLS certificate errors will be ignored for this session
console.error: ({})
[ERROR glean_core] Error setting metrics feature config: Json(Error("EOF while parsing a value", line: 1, column: 0))
DevTools listening on ws://127.0.0.1:35043/devtools/browser/6481c947-8ace-47c9-9dcd-3f57805114fb
JavaScript error: , line 0: TypeError: error loading dynamically imported module
1685572756004	geckodriver	INFO	Listening on 127.0.0.1:43451
1685572756506	mozrunner::runner	INFO	Running command: MOZ_CRASHREPORTER="1" MOZ_CRASHREPORTER_NO_REPORT="1" MOZ_CRASHREPORTER_SHUTDOWN="1" MOZ_NO_REMOTE="1" "/usr ... ss" "--remote-debugging-port" "59897" "--remote-allow-hosts" "localhost" "-no-remote" "-profile" "/tmp/rust_mozprofileuLNNXe"
*** You are running in headless mode.
console.warn: services.settings: Ignoring preference override of remote settings server
console.warn: services.settings: Allow by setting MOZ_REMOTE_SETTINGS_DEVTOOLS=1 in the environment
1685572756754	Marionette	INFO	Marionette enabled
1685572756756	Marionette	INFO	Listening on port 45293
Read port: 45293
WebDriver BiDi listening on ws://127.0.0.1:59897
1685572756892	RemoteAgent	WARN	TLS certificate errors will be ignored for this session
[GFX1-]: RenderCompositorSWGL failed mapping default framebuffer, no dt
console.error: ({})
[ERROR glean_core] Error setting metrics feature config: Json(Error("EOF while parsing a value", line: 1, column: 0))
DevTools listening on ws://127.0.0.1:59897/devtools/browser/347597e4-e1e5-4e9d-9bbb-741cec8f7716
libEGL warning: egl: failed to create dri2 screen
JavaScript warning: https://pagead2.googlesyndication.com/bg/PgBC2f7uHk75qvgedgDQJ2LGmE-oWuLtehAbI8jUKVY.js line 2 > eval line 738 > eval line 1 > eval line 1 > eval, line 1: WEBGL_debug_renderer_info is deprecated in Firefox and will be removed. Please use RENDERER.
1685572766350	geckodriver	INFO	Listening on 127.0.0.1:40941
1685572766853	mozrunner::runner	INFO	Running command: MOZ_CRASHREPORTER="1" MOZ_CRASHREPORTER_NO_REPORT="1" MOZ_CRASHREPORTER_SHUTDOWN="1" MOZ_NO_REMOTE="1" "/usr ... ss" "--remote-debugging-port" "56159" "--remote-allow-hosts" "localhost" "-no-remote" "-profile" "/tmp/rust_mozprofilemYIvBB"
*** You are running in headless mode.
console.warn: services.settings: Ignoring preference override of remote settings server
console.warn: services.settings: Allow by setting MOZ_REMOTE_SETTINGS_DEVTOOLS=1 in the environment
1685572767125	Marionette	INFO	Marionette enabled
1685572767128	Marionette	INFO	Listening on port 39153
Read port: 39153
WebDriver BiDi listening on ws://127.0.0.1:56159
1685572767217	RemoteAgent	WARN	TLS certificate errors will be ignored for this session
[GFX1-]: RenderCompositorSWGL failed mapping default framebuffer, no dt
console.error: ({})
[ERROR glean_core] Error setting metrics feature config: Json(Error("EOF while parsing a value", line: 1, column: 0))
DevTools listening on ws://127.0.0.1:56159/devtools/browser/fac8dc06-bca7-4831-8c73-c2311302deaa
libEGL warning: egl: failed to create dri2 screen
JavaScript warning: https://pagead2.googlesyndication.com/bg/PgBC2f7uHk75qvgedgDQJ2LGmE-oWuLtehAbI8jUKVY.js line 2 > eval line 3321 > eval line 1 > eval line 1 > eval, line 1: WEBGL_debug_renderer_info is deprecated in Firefox and will be removed. Please use RENDERER.
1685572778606	Marionette	INFO	Stopped listening on port 38459
[Child 17039, Main Thread] WARNING: JSWindowActorChild::SendRawMessage (Conduits, ConduitClosed) not sent: !CanSend() || !mManager || !mManager->CanSend(): file /build/firefox-HNs9Ru/firefox-113.0.1+build1/dom/ipc/jsactor/JSWindowActorChild.cpp:57
[Child 17039, Main Thread] WARNING: JSWindowActorChild::SendRawMessage (Conduits, ConduitClosed) not sent: !CanSend() || !mManager || !mManager->CanSend(): file /build/firefox-HNs9Ru/firefox-113.0.1+build1/dom/ipc/jsactor/JSWindowActorChild.cpp:57
[Child 17039, Main Thread] WARNING: JSWindowActorChild::SendRawMessage (Conduits, ConduitClosed) not sent: !CanSend() || !mManager || !mManager->CanSend(): file /build/firefox-HNs9Ru/firefox-113.0.1+build1/dom/ipc/jsactor/JSWindowActorChild.cpp:57
[Child 17039, Main Thread] WARNING: JSWindowActorChild::SendRawMessage (Conduits, ConduitClosed) not sent: !CanSend() || !mManager || !mManager->CanSend(): file /build/firefox-HNs9Ru/firefox-113.0.1+build1/dom/ipc/jsactor/JSWindowActorChild.cpp:57
[Child 17039, Main Thread] WARNING: JSWindowActorChild::SendRawMessage (Conduits, ConduitClosed) not sent: !CanSend() || !mManager || !mManager->CanSend(): file /build/firefox-HNs9Ru/firefox-113.0.1+build1/dom/ipc/jsactor/JSWindowActorChild.cpp:57
[Child 17039, Main Thread] WARNING: JSWindowActorChild::SendRawMessage (Conduits, ConduitClosed) not sent: !CanSend() || !mManager || !mManager->CanSend(): file /build/firefox-HNs9Ru/firefox-113.0.1+build1/dom/ipc/jsactor/JSWindowActorChild.cpp:57
[Child 17039, Main Thread] WARNING: JSWindowActorChild::SendRawMessage (Conduits, ConduitClosed) not sent: !CanSend() || !mManager || !mManager->CanSend(): file /build/firefox-HNs9Ru/firefox-113.0.1+build1/dom/ipc/jsactor/JSWindowActorChild.cpp:57
[Child 17039, Main Thread] WARNING: JSWindowActorChild::SendRawMessage (Conduits, ConduitClosed) not sent: !CanSend() || !mManager || !mManager->CanSend(): file /build/firefox-HNs9Ru/firefox-113.0.1+build1/dom/ipc/jsactor/JSWindowActorChild.cpp:57
JavaScript error: resource://gre/modules/AddonManager.jsm, line 1251: NS_ERROR_NOT_INITIALIZED: AddonManager is not initialized
console.error: "update.locale" " file doesn't exist in either the application or GRE directories"
console.error: "update.locale" " file doesn't exist in either the application or GRE directories"
1685572818617	geckodriver	INFO	Listening on 127.0.0.1:50105
1685572819121	mozrunner::runner	INFO	Running command: MOZ_CRASHREPORTER="1" MOZ_CRASHREPORTER_NO_REPORT="1" MOZ_CRASHREPORTER_SHUTDOWN="1" MOZ_NO_REMOTE="1" "/usr ... te" "--remote-debugging-port" "57885" "--remote-allow-hosts" "localhost" "-no-remote" "-profile" "/tmp/rust_mozprofilerTPVbc"
console.warn: services.settings: Ignoring preference override of remote settings server
console.warn: services.settings: Allow by setting MOZ_REMOTE_SETTINGS_DEVTOOLS=1 in the environment
1685572819553	Marionette	INFO	Marionette enabled
1685572819556	Marionette	INFO	Listening on port 35847
Read port: 35847
WebDriver BiDi listening on ws://127.0.0.1:57885
1685572819679	RemoteAgent	WARN	TLS certificate errors will be ignored for this session
console.error: ({})
[ERROR glean_core] Error setting metrics feature config: Json(Error("EOF while parsing a value", line: 1, column: 0))
DevTools listening on ws://127.0.0.1:57885/devtools/browser/b9497846-281a-4847-9b63-c0015667475f
1685572827165	geckodriver	INFO	Listening on 127.0.0.1:58017
1685572827667	mozrunner::runner	INFO	Running command: MOZ_CRASHREPORTER="1" MOZ_CRASHREPORTER_NO_REPORT="1" MOZ_CRASHREPORTER_SHUTDOWN="1" MOZ_NO_REMOTE="1" "/usr ... ss" "--remote-debugging-port" "36471" "--remote-allow-hosts" "localhost" "-no-remote" "-profile" "/tmp/rust_mozprofileKnRbTy"
*** You are running in headless mode.
console.warn: services.settings: Ignoring preference override of remote settings server
console.warn: services.settings: Allow by setting MOZ_REMOTE_SETTINGS_DEVTOOLS=1 in the environment
1685572827903	Marionette	INFO	Marionette enabled
1685572827906	Marionette	INFO	Listening on port 34787
Read port: 34787
WebDriver BiDi listening on ws://127.0.0.1:36471
1685572828034	RemoteAgent	WARN	TLS certificate errors will be ignored for this session
[GFX1-]: RenderCompositorSWGL failed mapping default framebuffer, no dt
console.error: ({})
[ERROR glean_core] Error setting metrics feature config: Json(Error("EOF while parsing a value", line: 1, column: 0))
DevTools listening on ws://127.0.0.1:36471/devtools/browser/a76c7643-be03-4dac-a3ef-195ca1532fd0
libEGL warning: egl: failed to create dri2 screen
JavaScript warning: https://pagead2.googlesyndication.com/bg/PgBC2f7uHk75qvgedgDQJ2LGmE-oWuLtehAbI8jUKVY.js line 2 > eval line 580 > eval line 1 > eval line 1 > eval, line 1: WEBGL_debug_renderer_info is deprecated in Firefox and will be removed. Please use RENDERER.
1685572837150	geckodriver	INFO	Listening on 127.0.0.1:37153
1685572837653	mozrunner::runner	INFO	Running command: MOZ_CRASHREPORTER="1" MOZ_CRASHREPORTER_NO_REPORT="1" MOZ_CRASHREPORTER_SHUTDOWN="1" MOZ_NO_REMOTE="1" "/usr ... ss" "--remote-debugging-port" "40781" "--remote-allow-hosts" "localhost" "-no-remote" "-profile" "/tmp/rust_mozprofilePWXMMl"
*** You are running in headless mode.
console.warn: services.settings: Ignoring preference override of remote settings server
console.warn: services.settings: Allow by setting MOZ_REMOTE_SETTINGS_DEVTOOLS=1 in the environment
1685572837935	Marionette	INFO	Marionette enabled
1685572837938	Marionette	INFO	Listening on port 43311
Read port: 43311
WebDriver BiDi listening on ws://127.0.0.1:40781
1685572838032	RemoteAgent	WARN	TLS certificate errors will be ignored for this session
[GFX1-]: RenderCompositorSWGL failed mapping default framebuffer, no dt
console.error: ({})
[ERROR glean_core] Error setting metrics feature config: Json(Error("EOF while parsing a value", line: 1, column: 0))
DevTools listening on ws://127.0.0.1:40781/devtools/browser/a47db5b9-0980-453a-aeaf-4a5cab30f248
libEGL warning: egl: failed to create dri2 screen
JavaScript warning: https://pagead2.googlesyndication.com/bg/PgBC2f7uHk75qvgedgDQJ2LGmE-oWuLtehAbI8jUKVY.js line 2 > eval line 2495 > eval line 1 > eval line 1 > eval, line 1: WEBGL_debug_renderer_info is deprecated in Firefox and will be removed. Please use RENDERER.
[Child 20172, Main Thread] WARNING: JSWindowActorChild::SendRawMessage (Conduits, ConduitClosed) not sent: !CanSend() || !mManager || !mManager->CanSend(): file /build/firefox-HNs9Ru/firefox-113.0.1+build1/dom/ipc/jsactor/JSWindowActorChild.cpp:57
[Child 20172, Main Thread] WARNING: JSWindowActorChild::SendRawMessage (Conduits, ConduitClosed) not sent: !CanSend() || !mManager || !mManager->CanSend(): file /build/firefox-HNs9Ru/firefox-113.0.1+build1/dom/ipc/jsactor/JSWindowActorChild.cpp:57
[Child 20172, Main Thread] WARNING: JSWindowActorChild::SendRawMessage (Conduits, ConduitClosed) not sent: !CanSend() || !mManager || !mManager->CanSend(): file /build/firefox-HNs9Ru/firefox-113.0.1+build1/dom/ipc/jsactor/JSWindowActorChild.cpp:57
[Child 20172, Main Thread] WARNING: JSWindowActorChild::SendRawMessage (Conduits, ConduitClosed) not sent: !CanSend() || !mManager || !mManager->CanSend(): file /build/firefox-HNs9Ru/firefox-113.0.1+build1/dom/ipc/jsactor/JSWindowActorChild.cpp:57
[Child 20172, Main Thread] WARNING: JSWindowActorChild::SendRawMessage (Conduits, ConduitClosed) not sent: !CanSend() || !mManager || !mManager->CanSend(): file /build/firefox-HNs9Ru/firefox-113.0.1+build1/dom/ipc/jsactor/JSWindowActorChild.cpp:57
[Child 20172, Main Thread] WARNING: JSWindowActorChild::SendRawMessage (Conduits, ConduitClosed) not sent: !CanSend() || !mManager || !mManager->CanSend(): file /build/firefox-HNs9Ru/firefox-113.0.1+build1/dom/ipc/jsactor/JSWindowActorChild.cpp:57
[Child 20172, Main Thread] WARNING: JSWindowActorChild::SendRawMessage (Conduits, ConduitClosed) not sent: !CanSend() || !mManager || !mManager->CanSend(): file /build/firefox-HNs9Ru/firefox-113.0.1+build1/dom/ipc/jsactor/JSWindowActorChild.cpp:57
[Child 20172, Main Thread] WARNING: JSWindowActorChild::SendRawMessage (Conduits, ConduitClosed) not sent: !CanSend() || !mManager || !mManager->CanSend(): file /build/firefox-HNs9Ru/firefox-113.0.1+build1/dom/ipc/jsactor/JSWindowActorChild.cpp:57
1685572848228	Marionette	INFO	Stopped listening on port 35847
1685572849542	geckodriver::marionette	ERROR	Failed to close browser connection: Socket not connected (os error 107)
console.error: "update.locale" " file doesn't exist in either the application or GRE directories"
console.error: "update.locale" " file doesn't exist in either the application or GRE directories"
1685572872234	geckodriver	INFO	Listening on 127.0.0.1:44777
1685572872737	mozrunner::runner	INFO	Running command: MOZ_CRASHREPORTER="1" MOZ_CRASHREPORTER_NO_REPORT="1" MOZ_CRASHREPORTER_SHUTDOWN="1" MOZ_NO_REMOTE="1" "/usr ... te" "--remote-debugging-port" "50075" "--remote-allow-hosts" "localhost" "-no-remote" "-profile" "/tmp/rust_mozprofileuJgJ9f"
console.warn: services.settings: Ignoring preference override of remote settings server
console.warn: services.settings: Allow by setting MOZ_REMOTE_SETTINGS_DEVTOOLS=1 in the environment
1685572873287	Marionette	INFO	Marionette enabled
1685572873291	Marionette	INFO	Listening on port 43343
Read port: 43343
WebDriver BiDi listening on ws://127.0.0.1:50075
1685572873456	RemoteAgent	WARN	TLS certificate errors will be ignored for this session
console.error: ({})
[ERROR glean_core] Error setting metrics feature config: Json(Error("EOF while parsing a value", line: 1, column: 0))
DevTools listening on ws://127.0.0.1:50075/devtools/browser/ccefe7cd-01a5-4fdd-a35d-c9cd52b0dc47
JavaScript warning: https://pagead2.googlesyndication.com/bg/PgBC2f7uHk75qvgedgDQJ2LGmE-oWuLtehAbI8jUKVY.js line 2 > eval line 6538 > eval line 1 > eval line 1 > eval, line 1: WEBGL_debug_renderer_info is deprecated in Firefox and will be removed. Please use RENDERER.
1685572882644	geckodriver	INFO	Listening on 127.0.0.1:47077
1685572882648	mozrunner::runner	INFO	Running command: MOZ_CRASHREPORTER="1" MOZ_CRASHREPORTER_NO_REPORT="1" MOZ_CRASHREPORTER_SHUTDOWN="1" MOZ_NO_REMOTE="1" "/usr ... ss" "--remote-debugging-port" "59353" "--remote-allow-hosts" "localhost" "-no-remote" "-profile" "/tmp/rust_mozprofilefk3Ymp"
*** You are running in headless mode.
console.warn: services.settings: Ignoring preference override of remote settings server
console.warn: services.settings: Allow by setting MOZ_REMOTE_SETTINGS_DEVTOOLS=1 in the environment
1685572882988	Marionette	INFO	Marionette enabled
1685572882993	Marionette	INFO	Listening on port 35587
Read port: 35587
WebDriver BiDi listening on ws://127.0.0.1:59353
1685572883124	RemoteAgent	WARN	TLS certificate errors will be ignored for this session
[GFX1-]: RenderCompositorSWGL failed mapping default framebuffer, no dt
console.error: ({})
[ERROR glean_core] Error setting metrics feature config: Json(Error("EOF while parsing a value", line: 1, column: 0))
DevTools listening on ws://127.0.0.1:59353/devtools/browser/051689bb-41ff-4578-ba45-c19d040ef30d
libEGL warning: egl: failed to create dri2 screen
JavaScript warning: https://pagead2.googlesyndication.com/bg/PgBC2f7uHk75qvgedgDQJ2LGmE-oWuLtehAbI8jUKVY.js line 2 > eval line 6349 > eval line 1 > eval line 1 > eval, line 1: WEBGL_debug_renderer_info is deprecated in Firefox and will be removed. Please use RENDERER.
1685572892797	geckodriver	INFO	Listening on 127.0.0.1:48143
1685572893299	mozrunner::runner	INFO	Running command: MOZ_CRASHREPORTER="1" MOZ_CRASHREPORTER_NO_REPORT="1" MOZ_CRASHREPORTER_SHUTDOWN="1" MOZ_NO_REMOTE="1" "/usr ... ss" "--remote-debugging-port" "51141" "--remote-allow-hosts" "localhost" "-no-remote" "-profile" "/tmp/rust_mozprofilelskCSk"
*** You are running in headless mode.
console.warn: services.settings: Ignoring preference override of remote settings server
console.warn: services.settings: Allow by setting MOZ_REMOTE_SETTINGS_DEVTOOLS=1 in the environment
1685572893553	Marionette	INFO	Marionette enabled
1685572893556	Marionette	INFO	Listening on port 39691
Read port: 39691
WebDriver BiDi listening on ws://127.0.0.1:51141
1685572893666	RemoteAgent	WARN	TLS certificate errors will be ignored for this session
[GFX1-]: RenderCompositorSWGL failed mapping default framebuffer, no dt
console.error: ({})
[ERROR glean_core] Error setting metrics feature config: Json(Error("EOF while parsing a value", line: 1, column: 0))
DevTools listening on ws://127.0.0.1:51141/devtools/browser/f9e640a9-b22a-479f-97b5-67114c338722
libEGL warning: egl: failed to create dri2 screen
JavaScript warning: https://pagead2.googlesyndication.com/bg/PgBC2f7uHk75qvgedgDQJ2LGmE-oWuLtehAbI8jUKVY.js line 2 > eval line 1252 > eval line 1 > eval line 1 > eval, line 1: WEBGL_debug_renderer_info is deprecated in Firefox and will be removed. Please use RENDERER.
